<?xml version="1.0" encoding="UTF-8"?>
<!-- Generated by org.testng.reporters.JUnitReportReporter -->
<testsuite hostname="aham" failures="0" tests="1" name="UserManagement.AddSiteAdminInPaidNonSSO" time="0.055" errors="0" timestamp="2024-04-20T23:09:26 IST" skipped="0">
  <testcase classname="UserManagement.AddSiteAdminInPaidNonSSO" name="addSiteAdminPaidNonSSO" time="0.055"/>
  <system-out/>
</testsuite> <!-- UserManagement.AddSiteAdminInPaidNonSSO -->
