<?xml version="1.0" encoding="UTF-8"?>
<!-- Generated by org.testng.reporters.JUnitReportReporter -->
<testsuite hostname="aham" failures="0" tests="1" name="SampleRun.Branch" time="0.008" errors="0" timestamp="2024-04-21T16:42:24 IST" skipped="0">
  <testcase classname="SampleRun.Branch" name="dryRunForBatch" time="0.008"/>
  <system-out/>
</testsuite> <!-- SampleRun.Branch -->
