<?xml version="1.0" encoding="UTF-8"?>
<!-- Generated by org.testng.reporters.JUnitReportReporter -->
<testsuite hostname="aham" failures="0" tests="1" name="SampleRun.CheckingDataBaseFetchingTest" time="0.028" errors="0" timestamp="2024-04-14T16:17:25 IST" skipped="0">
  <testcase classname="SampleRun.CheckingDataBaseFetchingTest" name="fetchDataFromDataBase" time="0.028"/>
  <system-out/>
</testsuite> <!-- SampleRun.CheckingDataBaseFetchingTest -->
