<?xml version="1.0" encoding="UTF-8"?>
<!-- Generated by org.testng.reporters.JUnitReportReporter -->
<testsuite hostname="aham" failures="0" tests="1" name="Regestration.PaidSSORegistrationTest" time="0.098" errors="0" timestamp="2024-04-20T23:09:26 IST" skipped="0">
  <testcase classname="Regestration.PaidSSORegistrationTest" name="paidSSOReg" time="0.098"/>
  <system-out/>
</testsuite> <!-- Regestration.PaidSSORegistrationTest -->
