<?xml version="1.0" encoding="UTF-8"?>
<!-- Generated by org.testng.reporters.JUnitReportReporter -->
<testsuite hostname="aham" failures="0" tests="1" name="LoginAsSiteAdmin.loginAsTenantInPaidNonSSOTest" time="0.005" errors="0" timestamp="2024-04-20T23:09:26 IST" skipped="0">
  <testcase classname="LoginAsSiteAdmin.loginAsTenantInPaidNonSSOTest" name="loginAsTenantInPaidNonSSO" time="0.005"/>
  <system-out/>
</testsuite> <!-- LoginAsSiteAdmin.loginAsTenantInPaidNonSSOTest -->
