<?xml version="1.0" encoding="UTF-8"?>
<!-- Generated by org.testng.reporters.JUnitReportReporter -->
<testsuite hostname="aham" failures="0" tests="1" name="LoginAsAdmin.loginAsAdminInPaidNonSSOTest" time="0.041" errors="0" timestamp="2024-04-20T23:09:26 IST" skipped="0">
  <testcase classname="LoginAsAdmin.loginAsAdminInPaidNonSSOTest" name="loginAsAdminInPaidNonSSO" time="0.041"/>
  <system-out/>
</testsuite> <!-- LoginAsAdmin.loginAsAdminInPaidNonSSOTest -->
