<?xml version="1.0" encoding="UTF-8"?>
<!-- Generated by org.testng.reporters.JUnitReportReporter -->
<testsuite hostname="aham" failures="0" tests="1" name="Login.loginAsAdminInPaidSSOTest" time="0.007" errors="0" timestamp="2024-04-15T00:27:08 IST" skipped="0">
  <testcase classname="Login.loginAsAdminInPaidSSOTest" name="loginAsAdminInPaidSSO" time="0.007"/>
  <system-out/>
</testsuite> <!-- Login.loginAsAdminInPaidSSOTest -->
