<?xml version="1.0" encoding="UTF-8"?>
<!-- Generated by org.testng.reporters.JUnitReportReporter -->
<testsuite hostname="aham" failures="0" tests="1" name="UserManagement.AddSiteAdminInPaidSSO" time="0.009" errors="0" timestamp="2024-04-20T23:09:26 IST" skipped="0">
  <testcase classname="UserManagement.AddSiteAdminInPaidSSO" name="addSiteAdminPaidSSO" time="0.009"/>
  <system-out/>
</testsuite> <!-- UserManagement.AddSiteAdminInPaidSSO -->
